2024-11-08 12:45:41,092 - root - INFO - Logging initialized.
2024-11-08 12:45:41,093 - root - INFO - Starting temperature simulator...
2024-11-08 12:45:41,094 - root - INFO - Generated temperature: 19.89°C at 2024-11-08 12:45:41
2024-11-08 12:45:41,094 - root - INFO - Starting client polling...
2024-11-08 12:45:41,095 - root - ERROR - Error reading data: not enough values to unpack (expected 2, got 1)
2024-11-08 12:45:43,097 - root - INFO - New data - Timestamp: 2024-11-08 12:45:41, Temperature: 19.89°C
2024-11-08 12:45:51,101 - root - INFO - Generated temperature: 21.28°C at 2024-11-08 12:45:51
2024-11-08 12:45:53,108 - root - INFO - New data - Timestamp: 2024-11-08 12:45:51, Temperature: 21.28°C
2024-11-08 12:46:01,105 - root - INFO - Generated temperature: 16.13°C at 2024-11-08 12:46:01
2024-11-08 12:46:03,113 - root - INFO - New data - Timestamp: 2024-11-08 12:46:01, Temperature: 16.13°C
2024-11-08 12:46:11,121 - root - INFO - Generated temperature: 15.14°C at 2024-11-08 12:46:11
2024-11-08 12:46:11,126 - root - INFO - New data - Timestamp: 2024-11-08 12:46:11, Temperature: 15.14°C
2024-11-08 12:46:21,127 - root - INFO - Generated temperature: 15.03°C at 2024-11-08 12:46:21
2024-11-08 12:46:21,161 - root - INFO - New data - Timestamp: 2024-11-08 12:46:21, Temperature: 15.03°C
2024-11-08 12:46:31,163 - root - INFO - Generated temperature: 18.77°C at 2024-11-08 12:46:31
2024-11-08 12:46:31,207 - root - INFO - New data - Timestamp: 2024-11-08 12:46:31, Temperature: 18.77°C
2024-11-08 12:46:41,181 - root - INFO - Generated temperature: 19.74°C at 2024-11-08 12:46:41
2024-11-08 12:46:41,220 - root - INFO - New data - Timestamp: 2024-11-08 12:46:41, Temperature: 19.74°C
2024-11-08 12:46:51,219 - root - INFO - Generated temperature: 23.38°C at 2024-11-08 12:46:51
2024-11-08 12:46:51,252 - root - INFO - New data - Timestamp: 2024-11-08 12:46:51, Temperature: 23.38°C
2024-11-08 12:47:01,255 - root - INFO - Generated temperature: 15.53°C at 2024-11-08 12:47:01
2024-11-08 12:47:01,274 - root - INFO - New data - Timestamp: 2024-11-08 12:47:01, Temperature: 15.53°C
2024-11-08 12:47:11,259 - root - INFO - Generated temperature: 18.96°C at 2024-11-08 12:47:11
2024-11-08 12:47:11,279 - root - INFO - New data - Timestamp: 2024-11-08 12:47:11, Temperature: 18.96°C
2024-11-08 12:47:21,265 - root - INFO - Generated temperature: 20.14°C at 2024-11-08 12:47:21
2024-11-08 12:47:21,307 - root - INFO - New data - Timestamp: 2024-11-08 12:47:21, Temperature: 20.14°C
2024-11-08 12:47:31,269 - root - INFO - Generated temperature: 18.41°C at 2024-11-08 12:47:31
2024-11-08 12:47:31,315 - root - INFO - New data - Timestamp: 2024-11-08 12:47:31, Temperature: 18.41°C
2024-11-08 12:47:41,280 - root - INFO - Generated temperature: 17.03°C at 2024-11-08 12:47:41
2024-11-08 12:47:41,324 - root - INFO - New data - Timestamp: 2024-11-08 12:47:41, Temperature: 17.03°C
2024-11-08 12:47:51,308 - root - INFO - Generated temperature: 24.56°C at 2024-11-08 12:47:51
2024-11-08 12:47:51,343 - root - INFO - New data - Timestamp: 2024-11-08 12:47:51, Temperature: 24.56°C
2024-11-08 12:48:01,315 - root - INFO - Generated temperature: 20.65°C at 2024-11-08 12:48:01
2024-11-08 12:48:01,364 - root - INFO - New data - Timestamp: 2024-11-08 12:48:01, Temperature: 20.65°C
2024-11-08 12:48:11,321 - root - INFO - Generated temperature: 16.72°C at 2024-11-08 12:48:11
2024-11-08 12:48:11,372 - root - INFO - New data - Timestamp: 2024-11-08 12:48:11, Temperature: 16.72°C
2024-11-08 12:48:21,349 - root - INFO - Generated temperature: 17.72°C at 2024-11-08 12:48:21
2024-11-08 12:48:21,402 - root - INFO - New data - Timestamp: 2024-11-08 12:48:21, Temperature: 17.72°C
2024-11-08 12:48:31,353 - root - INFO - Generated temperature: 22.73°C at 2024-11-08 12:48:31
2024-11-08 12:48:31,423 - root - INFO - New data - Timestamp: 2024-11-08 12:48:31, Temperature: 22.73°C
2024-11-08 12:48:41,356 - root - INFO - Generated temperature: 22.11°C at 2024-11-08 12:48:41
2024-11-08 12:48:41,435 - root - INFO - New data - Timestamp: 2024-11-08 12:48:41, Temperature: 22.11°C
2024-11-08 12:48:51,359 - root - INFO - Generated temperature: 23.93°C at 2024-11-08 12:48:51
2024-11-08 12:48:51,441 - root - INFO - New data - Timestamp: 2024-11-08 12:48:51, Temperature: 23.93°C
2024-11-08 12:49:01,389 - root - INFO - Generated temperature: 22.24°C at 2024-11-08 12:49:01
2024-11-08 12:49:01,451 - root - INFO - New data - Timestamp: 2024-11-08 12:49:01, Temperature: 22.24°C
2024-11-08 12:49:11,397 - root - INFO - Generated temperature: 21.44°C at 2024-11-08 12:49:11
2024-11-08 12:49:11,458 - root - INFO - New data - Timestamp: 2024-11-08 12:49:11, Temperature: 21.44°C
2024-11-08 12:49:21,424 - root - INFO - Generated temperature: 16.49°C at 2024-11-08 12:49:21
2024-11-08 12:49:21,468 - root - INFO - New data - Timestamp: 2024-11-08 12:49:21, Temperature: 16.49°C
2024-11-08 12:49:31,435 - root - INFO - Generated temperature: 15.89°C at 2024-11-08 12:49:31
2024-11-08 12:49:31,474 - root - INFO - New data - Timestamp: 2024-11-08 12:49:31, Temperature: 15.89°C
2024-11-08 12:49:41,464 - root - INFO - Generated temperature: 17.78°C at 2024-11-08 12:49:41
2024-11-08 12:49:41,484 - root - INFO - New data - Timestamp: 2024-11-08 12:49:41, Temperature: 17.78°C
2024-11-08 12:49:51,467 - root - INFO - Generated temperature: 18.93°C at 2024-11-08 12:49:51
2024-11-08 12:49:51,490 - root - INFO - New data - Timestamp: 2024-11-08 12:49:51, Temperature: 18.93°C
2024-11-08 12:50:01,472 - root - INFO - Generated temperature: 23.65°C at 2024-11-08 12:50:01
2024-11-08 12:50:01,504 - root - INFO - New data - Timestamp: 2024-11-08 12:50:01, Temperature: 23.65°C
2024-11-08 12:50:11,477 - root - INFO - Generated temperature: 16.31°C at 2024-11-08 12:50:11
2024-11-08 12:50:11,513 - root - INFO - New data - Timestamp: 2024-11-08 12:50:11, Temperature: 16.31°C
2024-11-08 12:50:21,482 - root - INFO - Generated temperature: 21.96°C at 2024-11-08 12:50:21
2024-11-08 12:50:21,518 - root - INFO - New data - Timestamp: 2024-11-08 12:50:21, Temperature: 21.96°C
2024-11-08 12:50:31,512 - root - INFO - Generated temperature: 23.59°C at 2024-11-08 12:50:31
2024-11-08 12:50:31,539 - root - INFO - New data - Timestamp: 2024-11-08 12:50:31, Temperature: 23.59°C
2024-11-08 12:50:41,540 - root - INFO - Generated temperature: 21.09°C at 2024-11-08 12:50:41
2024-11-08 12:50:41,571 - root - INFO - New data - Timestamp: 2024-11-08 12:50:41, Temperature: 21.09°C
2024-11-08 12:50:51,573 - root - INFO - Generated temperature: 18.40°C at 2024-11-08 12:50:51
2024-11-08 12:50:51,583 - root - INFO - New data - Timestamp: 2024-11-08 12:50:51, Temperature: 18.40°C
2024-11-08 12:51:01,584 - root - INFO - Generated temperature: 24.86°C at 2024-11-08 12:51:01
2024-11-08 12:51:01,656 - root - INFO - New data - Timestamp: 2024-11-08 12:51:01, Temperature: 24.86°C
2024-11-08 12:51:11,615 - root - INFO - Generated temperature: 22.96°C at 2024-11-08 12:51:11
2024-11-08 12:51:11,666 - root - INFO - New data - Timestamp: 2024-11-08 12:51:11, Temperature: 22.96°C
2024-11-08 12:51:21,620 - root - INFO - Generated temperature: 15.63°C at 2024-11-08 12:51:21
2024-11-08 12:51:21,679 - root - INFO - New data - Timestamp: 2024-11-08 12:51:21, Temperature: 15.63°C
2024-11-08 12:51:31,650 - root - INFO - Generated temperature: 15.66°C at 2024-11-08 12:51:31
2024-11-08 12:51:31,700 - root - INFO - New data - Timestamp: 2024-11-08 12:51:31, Temperature: 15.66°C
2024-11-08 12:51:41,678 - root - INFO - Generated temperature: 22.68°C at 2024-11-08 12:51:41
2024-11-08 12:51:41,713 - root - INFO - New data - Timestamp: 2024-11-08 12:51:41, Temperature: 22.68°C
2024-11-08 12:51:51,681 - root - INFO - Generated temperature: 16.75°C at 2024-11-08 12:51:51
2024-11-08 12:51:51,722 - root - INFO - New data - Timestamp: 2024-11-08 12:51:51, Temperature: 16.75°C
2024-11-08 12:52:01,686 - root - INFO - Generated temperature: 17.53°C at 2024-11-08 12:52:01
2024-11-08 12:52:01,729 - root - INFO - New data - Timestamp: 2024-11-08 12:52:01, Temperature: 17.53°C
